Removed Member From Class: ClassName=Main Member=U?
Change Component Designator: OldDesignator=C? NewDesignator=C1
Change Component Designator: OldDesignator=C? NewDesignator=C2
Change Component Designator: OldDesignator=DS? NewDesignator=DS1
Change Component Designator: OldDesignator=J? NewDesignator=J1
Change Component Designator: OldDesignator=SW? NewDesignator=SW1
Change Component Designator: OldDesignator=U? NewDesignator=U7
Added Component: Designator=C3(FP-C1206C-EB-MFG)
Add component (AddParameter): Name = "Automotive"; Value = "Yes"; VariantName = "[No Variations]"
Add component (AddParameter): Name = "Automotive Grade"; Value = "Grade 0"; VariantName = "[No Variations]"
Add component (AddParameter): Name = "Capacitance"; Value = "0.10 µF"; VariantName = "[No Variations]"
Add component (AddParameter): Name = "Category"; Value = "Cap"; VariantName = "[No Variations]"
Add component (AddParameter): Name = "ComponentLink2Description"; Value = "Datasheet"; VariantName = "[No Variations]"
Add component (AddParameter): Name = "ComponentLink2URL"; Value = "https://content.kemet.com/datasheets/KEM_C1007_X8R_ULTRA_150C_SMD.pdf"; VariantName = "[No Variations]"
Add component (AddParameter): Name = "Device Class L1"; Value = "Passive Components"; VariantName = "[No Variations]"
Add component (AddParameter): Name = "Device Class L2"; Value = "Capacitors"; VariantName = "[No Variations]"
Add component (AddParameter): Name = "Device Class L3"; Value = "Ceramic Capacitors"; VariantName = "[No Variations]"
Add component (AddParameter): Name = "Digikey Description"; Value = "CAP CER 0.1UF 200V 10% X7R 1206"; VariantName = "[No Variations]"
Add component (AddParameter): Name = "Height"; Value = "0.88mm"; VariantName = "[No Variations]"
Add component (AddParameter): Name = "Ipc Land Pattern Name"; Value = "CAPC320160X78"; VariantName = "[No Variations]"
Add component (AddParameter): Name = "Lead Free"; Value = "Yes"; VariantName = "[No Variations]"
Add component (AddParameter): Name = "Manufacturer"; Value = "KEMET"; VariantName = "[No Variations]"
Add component (AddParameter): Name = "Manufacturer Part Number"; Value = "C1206C104K2RACTU"; VariantName = "[No Variations]"
Add component (AddParameter): Name = "Material"; Value = "Ceramic"; VariantName = "[No Variations]"
Add component (AddParameter): Name = "Mouser Description"; Value = "Multilayer Ceramic Capacitors MLCC - SMD/SMT 200volts 0.1uF X7R 10%"; VariantName = "[No Variations]"
Add component (AddParameter): Name = "Octopart"; Value = "https://octopart.com/c1206c104k2ractu-kemet-9138344"; VariantName = "[No Variations]"
Add component (AddParameter): Name = "Package"; Value = "C1206C-EB"; VariantName = "[No Variations]"
Add component (AddParameter): Name = "RoHS"; Value = "TRUE"; VariantName = "[No Variations]"
Add component (AddParameter): Name = "Temperature"; Value = "-55°C to +150°C"; VariantName = "[No Variations]"
Add component (AddParameter): Name = "Temperature Characteristic"; Value = "X7R"; VariantName = "[No Variations]"
Add component (AddParameter): Name = "Temperature Coefficient"; Value = "15%"; VariantName = "[No Variations]"
Add component (AddParameter): Name = "Temperature Range High"; Value = "+150°C"; VariantName = "[No Variations]"
Add component (AddParameter): Name = "Temperature Range Low"; Value = "-55°C"; VariantName = "[No Variations]"
Add component (AddParameter): Name = "Tolerance"; Value = "0.1"; VariantName = "[No Variations]"
Add component (AddParameter): Name = "Value"; Value = "0.10 µF"; VariantName = "[No Variations]"
Add component (AddParameter): Name = "Voltage Rating"; Value = "200 V"; VariantName = "[No Variations]"
Added Component: Designator=R1(RESC3116X65X40ML10T20)
Add component (AddParameter): Name = "Case Code (Imperial)"; Value = "1206"; VariantName = "[No Variations]"
Add component (AddParameter): Name = "Case Code (Metric)"; Value = "3216"; VariantName = "[No Variations]"
Add component (AddParameter): Name = "Case/Package"; Value = "1206"; VariantName = "[No Variations]"
Add component (AddParameter): Name = "Composition"; Value = "ThickFilm"; VariantName = "[No Variations]"
Add component (AddParameter): Name = "Datasheet URL"; Value = "http://www.yageo.com/NewPortal/yageodocoutput?fileName=/pdf/R-Chip/PYu-RC_Group_51_RoHS_L_5.pdf"; VariantName = "[No Variations]"
Add component (AddParameter): Name = "Datasheet Version"; Value = "Rev. 5, 10/2016"; VariantName = "[No Variations]"
Add component (AddParameter): Name = "Depth"; Value = "1.6mm"; VariantName = "[No Variations]"
Add component (AddParameter): Name = "Height"; Value = "0.55mm"; VariantName = "[No Variations]"
Add component (AddParameter): Name = "Lead Free"; Value = "LeadFree"; VariantName = "[No Variations]"
Add component (AddParameter): Name = "Length"; Value = "3.1mm"; VariantName = "[No Variations]"
Add component (AddParameter): Name = "Manufacturer"; Value = "Yageo"; VariantName = "[No Variations]"
Add component (AddParameter): Name = "Manufacturer URL"; Value = "http://www.yageo.com/"; VariantName = "[No Variations]"
Add component (AddParameter): Name = "Max Operating Temperature"; Value = "155degC"; VariantName = "[No Variations]"
Add component (AddParameter): Name = "Military Standard"; Value = "Not"; VariantName = "[No Variations]"
Add component (AddParameter): Name = "Min Operating Temperature"; Value = "-55degC"; VariantName = "[No Variations]"
Add component (AddParameter): Name = "Package Description"; Value = "2-Pin Surface Mount Device, Body 3.1 x 1.6 mm"; VariantName = "[No Variations]"
Add component (AddParameter): Name = "Package Quantity"; Value = "5000"; VariantName = "[No Variations]"
Add component (AddParameter): Name = "Package Reference"; Value = "1206.0"; VariantName = "[No Variations]"
Add component (AddParameter): Name = "Packaging"; Value = "TapeandReel"; VariantName = "[No Variations]"
Add component (AddParameter): Name = "Power Rating"; Value = "250mW"; VariantName = "[No Variations]"
Add component (AddParameter): Name = "REACH SVHC"; Value = "Unknown"; VariantName = "[No Variations]"
Add component (AddParameter): Name = "Resistance"; Value = "10KOhm"; VariantName = "[No Variations]"
Add component (AddParameter): Name = "RoHSCompliant"; Value = "true"; VariantName = "[No Variations]"
Add component (AddParameter): Name = "Temperature Coefficient"; Value = "100ppm/degreesC"; VariantName = "[No Variations]"
Add component (AddParameter): Name = "Termination"; Value = "SMD/SMT"; VariantName = "[No Variations]"
Add component (AddParameter): Name = "Tolerance"; Value = "1%"; VariantName = "[No Variations]"
Add component (AddParameter): Name = "Voltage Rating"; Value = "200V"; VariantName = "[No Variations]"
Add component (AddParameter): Name = "Width"; Value = "1.6mm"; VariantName = "[No Variations]"
Added Component: Designator=U6(FP-N0016A-MFG)
Add component (AddParameter): Name = "Case/Package"; Value = "PDIP"; VariantName = "[No Variations]"
Add component (AddParameter): Name = "Clock Edge Trigger Type"; Value = "Positive Edge"; VariantName = "[No Variations]"
Add component (AddParameter): Name = "Contact Plating"; Value = "Gold"; VariantName = "[No Variations]"
Add component (AddParameter): Name = "Frequency"; Value = "24MHz"; VariantName = "[No Variations]"
Add component (AddParameter): Name = "Height"; Value = "4.57mm"; VariantName = "[No Variations]"
Add component (AddParameter): Name = "High Level Output Current"; Value = "-4.2mA"; VariantName = "[No Variations]"
Add component (AddParameter): Name = "Input Capacitance"; Value = "5pF"; VariantName = "[No Variations]"
Add component (AddParameter): Name = "Input Type"; Value = "SINGLE-ENDED"; VariantName = "[No Variations]"
Add component (AddParameter): Name = "Lead Free"; Value = "Lead Free"; VariantName = "[No Variations]"
Add component (AddParameter): Name = "Length"; Value = "19.3mm"; VariantName = "[No Variations]"
Add component (AddParameter): Name = "Logic Function"; Value = "Flip-Flop"; VariantName = "[No Variations]"
Add component (AddParameter): Name = "Low Level Output Current"; Value = "4.2mA"; VariantName = "[No Variations]"
Add component (AddParameter): Name = "Max Frequency"; Value = "24MHz"; VariantName = "[No Variations]"
Add component (AddParameter): Name = "Max Operating Temperature"; Value = "125°C"; VariantName = "[No Variations]"
Add component (AddParameter): Name = "Max Supply Voltage"; Value = "18V"; VariantName = "[No Variations]"
Add component (AddParameter): Name = "Min Operating Temperature"; Value = "-55°C"; VariantName = "[No Variations]"
Add component (AddParameter): Name = "Min Supply Voltage"; Value = "3V"; VariantName = "[No Variations]"
Add component (AddParameter): Name = "Mount"; Value = "Through Hole"; VariantName = "[No Variations]"
Add component (AddParameter): Name = "Number of Bits"; Value = "2"; VariantName = "[No Variations]"
Add component (AddParameter): Name = "Number of Bits per Element"; Value = "1"; VariantName = "[No Variations]"
Add component (AddParameter): Name = "Number of Circuits"; Value = "2"; VariantName = "[No Variations]"
Add component (AddParameter): Name = "Number of Elements"; Value = "2"; VariantName = "[No Variations]"
Add component (AddParameter): Name = "Number of Input Lines"; Value = "2"; VariantName = "[No Variations]"
Add component (AddParameter): Name = "Number of Output Lines"; Value = "1"; VariantName = "[No Variations]"
Add component (AddParameter): Name = "Number of Pins"; Value = "16"; VariantName = "[No Variations]"
Add component (AddParameter): Name = "Operating Supply Voltage"; Value = "3.3V"; VariantName = "[No Variations]"
Add component (AddParameter): Name = "Output Current"; Value = "6.8mA"; VariantName = "[No Variations]"
Add component (AddParameter): Name = "Package Quantity"; Value = "25"; VariantName = "[No Variations]"
Add component (AddParameter): Name = "Packaging"; Value = "Rail/Tube"; VariantName = "[No Variations]"
Add component (AddParameter): Name = "Polarity"; Value = "Non-Inverting"; VariantName = "[No Variations]"
Add component (AddParameter): Name = "Power Dissipation"; Value = "500mW"; VariantName = "[No Variations]"
Add component (AddParameter): Name = "Propagation Delay"; Value = "300ns"; VariantName = "[No Variations]"
Add component (AddParameter): Name = "Quiescent Current"; Value = "20uA"; VariantName = "[No Variations]"
Add component (AddParameter): Name = "Radiation Hardening"; Value = "No"; VariantName = "[No Variations]"
Add component (AddParameter): Name = "REACH SVHC"; Value = "No SVHC"; VariantName = "[No Variations]"
Add component (AddParameter): Name = "RoHS Compliant"; Value = "Yes"; VariantName = "[No Variations]"
Add component (AddParameter): Name = "Series"; Value = "4000B"; VariantName = "[No Variations]"
Add component (AddParameter): Name = "Technology"; Value = "CMOS"; VariantName = "[No Variations]"
Add component (AddParameter): Name = "Turn-On Delay Time"; Value = "45ns"; VariantName = "[No Variations]"
Add component (AddParameter): Name = "Weight"; Value = "0.03357oz"; VariantName = "[No Variations]"
Add component (AddParameter): Name = "Width"; Value = "6.35mm"; VariantName = "[No Variations]"
Added Pin To Net: NetName=GND Pin=C1-2
Added Pin To Net: NetName=GND Pin=C2-2
Added Pin To Net: NetName=GND Pin=C3-2
Added Pin To Net: NetName=GND Pin=SW1-MH1
Added Pin To Net: NetName=GND Pin=SW1-MH2
Added Pin To Net: NetName=GND Pin=SW2-1
Added Pin To Net: NetName=GND Pin=U1-7
Added Pin To Net: NetName=GND Pin=U2-7
Added Pin To Net: NetName=GND Pin=U3-7
Added Pin To Net: NetName=GND Pin=U4-8
Added Pin To Net: NetName=GND Pin=U5-8
Added Pin To Net: NetName=GND Pin=U6-8
Added Pin To Net: NetName=GND Pin=U7-2
Added Pin To Net: NetName=5V0 Pin=C2-1
Added Pin To Net: NetName=5V0 Pin=DS1-3
Added Pin To Net: NetName=5V0 Pin=DS1-5
Added Pin To Net: NetName=5V0 Pin=DS1-8
Added Pin To Net: NetName=5V0 Pin=R1-2
Added Pin To Net: NetName=5V0 Pin=U1-14
Added Pin To Net: NetName=5V0 Pin=U2-14
Added Pin To Net: NetName=5V0 Pin=U3-14
Added Pin To Net: NetName=5V0 Pin=U4-7
Added Pin To Net: NetName=5V0 Pin=U4-9
Added Pin To Net: NetName=5V0 Pin=U4-10
Added Pin To Net: NetName=5V0 Pin=U4-11
Added Pin To Net: NetName=5V0 Pin=U4-16
Added Pin To Net: NetName=5V0 Pin=U5-3
Added Pin To Net: NetName=5V0 Pin=U5-4
Added Pin To Net: NetName=5V0 Pin=U5-5
Added Pin To Net: NetName=5V0 Pin=U5-16
Added Pin To Net: NetName=5V0 Pin=U6-7
Added Pin To Net: NetName=5V0 Pin=U6-9
Added Pin To Net: NetName=5V0 Pin=U6-16
Added Pin To Net: NetName=5V0 Pin=U7-3
Added Net: Name=5V0
Added Pin To Net: NetName=JK[2] Pin=U2-11
Added Pin To Net: NetName=JK[2] Pin=U3-1
Added Pin To Net: NetName=JK[2] Pin=U6-10
Added Pin To Net: NetName=JK[2] Pin=U6-11
Added Net: Name=JK[2]
Added Pin To Net: NetName=JK[3] Pin=U3-3
Added Pin To Net: NetName=JK[3] Pin=U6-5
Added Pin To Net: NetName=JK[3] Pin=U6-6
Added Net: Name=JK[3]
Added Pin To Net: NetName=NetC3_1 Pin=C3-1
Added Pin To Net: NetName=NetC3_1 Pin=R1-1
Added Pin To Net: NetName=NetC3_1 Pin=SW2-4
Added Pin To Net: NetName=NetC3_1 Pin=U1-1
Added Net: Name=NetC3_1
Added Pin To Net: NetName=NetDS1_1 Pin=DS1-1
Added Pin To Net: NetName=NetDS1_1 Pin=U5-9
Added Net: Name=NetDS1_1
Added Pin To Net: NetName=NetDS1_2 Pin=DS1-2
Added Pin To Net: NetName=NetDS1_2 Pin=U5-10
Added Net: Name=NetDS1_2
Added Pin To Net: NetName=NetDS1_4 Pin=DS1-4
Added Pin To Net: NetName=NetDS1_4 Pin=U5-11
Added Net: Name=NetDS1_4
Added Pin To Net: NetName=NetDS1_6 Pin=DS1-6
Added Pin To Net: NetName=NetDS1_6 Pin=U5-12
Added Net: Name=NetDS1_6
Added Pin To Net: NetName=NetDS1_7 Pin=DS1-7
Added Pin To Net: NetName=NetDS1_7 Pin=U5-13
Added Net: Name=NetDS1_7
Added Pin To Net: NetName=NetDS1_9 Pin=DS1-9
Added Pin To Net: NetName=NetDS1_9 Pin=U5-15
Added Net: Name=NetDS1_9
Added Pin To Net: NetName=NetDS1_10 Pin=DS1-10
Added Pin To Net: NetName=NetDS1_10 Pin=U5-14
Added Net: Name=NetDS1_10
Added Pin To Net: NetName=NetSW1_3 Pin=SW1-3
Added Pin To Net: NetName=NetSW1_3 Pin=U7-1
Added Net: Name=NetSW1_3
Added Pin To Net: NetName=NetU1_2 Pin=U1-2
Added Pin To Net: NetName=NetU1_2 Pin=U4-3
Added Pin To Net: NetName=NetU1_2 Pin=U4-13
Added Pin To Net: NetName=NetU1_2 Pin=U6-3
Added Pin To Net: NetName=NetU1_2 Pin=U6-13
Added Net: Name=NetU1_2
Added Pin To Net: NetName=NetU1_8 Pin=U1-8
Added Pin To Net: NetName=NetU1_8 Pin=U4-4
Added Pin To Net: NetName=NetU1_8 Pin=U4-12
Added Pin To Net: NetName=NetU1_8 Pin=U6-4
Added Pin To Net: NetName=NetU1_8 Pin=U6-12
Added Net: Name=NetU1_8
Added Pin To Net: NetName=NetU4_5 Pin=U4-5
Added Pin To Net: NetName=NetU4_5 Pin=U4-6
Added Net: Name=NetU4_5
Added Pin To Net: NetName=Q[0]Bar Pin=U1-4
Added Pin To Net: NetName=Q[0]Bar Pin=U2-1
Added Net: Name=Q[0]Bar
Added Pin To Net: NetName=Q[0] Pin=U1-3
Added Pin To Net: NetName=Q[0] Pin=U2-12
Added Pin To Net: NetName=Q[0] Pin=U4-15
Added Pin To Net: NetName=Q[0] Pin=U5-7
Added Net: Name=Q[0]
Added Pin To Net: NetName=Q[1] Pin=U2-4
Added Pin To Net: NetName=Q[1] Pin=U2-13
Added Pin To Net: NetName=Q[1] Pin=U4-1
Added Pin To Net: NetName=Q[1] Pin=U5-1
Added Net: Name=Q[1]
Added Pin To Net: NetName=Q[2]Bar Pin=U1-6
Added Pin To Net: NetName=Q[2]Bar Pin=U2-2
Added Net: Name=Q[2]Bar
Added Pin To Net: NetName=Q[2] Pin=U1-5
Added Pin To Net: NetName=Q[2] Pin=U3-2
Added Pin To Net: NetName=Q[2] Pin=U5-2
Added Pin To Net: NetName=Q[2] Pin=U6-15
Added Net: Name=Q[2]
Added Pin To Net: NetName=Q[3] Pin=U2-5
Added Pin To Net: NetName=Q[3] Pin=U5-6
Added Pin To Net: NetName=Q[3] Pin=U6-1
Added Net: Name=Q[3]
Added Pin To Net: NetName=RST1 Pin=U2-3
Added Pin To Net: NetName=RST1 Pin=U2-9
Added Net: Name=RST1
Added Pin To Net: NetName=RST2 Pin=U2-6
Added Pin To Net: NetName=RST2 Pin=U2-10
Added Net: Name=RST2
Added Pin To Net: NetName=RST Pin=U1-9
Added Pin To Net: NetName=RST Pin=U2-8
Added Net: Name=RST
Added Pin To Net: NetName=Vin Pin=C1-1
Added Pin To Net: NetName=Vin Pin=J1-1
Added Pin To Net: NetName=Vin Pin=SW1-2
Added Net: Name=Vin
Added Member To Class: ClassName=Main Member=Component C1 1µF
Added Member To Class: ClassName=Main Member=Component C3 100nF
Added Member To Class: ClassName=Main Member=Component R1 10kO
Added Member To Class: ClassName=Main Member=Component U3 SN74HC08N
Added Member To Class: ClassName=Main Member=Component U6 CD4027BE
Added Member To Class: ClassName=Main Member=Component U7 VIN->5V0
Added Rule: Name=Schematic Supply Nets_1
Added Rule: Name=Schematic Supply Nets_2
