Removed Pin From Net: NetName=5V0 Pin=DS1-3
Removed Pin From Net: NetName=5V0 Pin=DS1-5
Removed Pin From Net: NetName=5V0 Pin=DS1-8
Removed Pin From Net: NetName=NetU1_8 Pin=U1-8
Removed Pin From Net: NetName=5V0 Pin=U4-7
Removed Pin From Net: NetName=5V0 Pin=U4-9
Removed Pin From Net: NetName=5V0 Pin=U6-7
Removed Pin From Net: NetName=5V0 Pin=U6-9
Change Component Footprint: Designator=DS1 Old Footprint=FP-LSHD-5601-MFG New Footprint=FP-HDSP-H153-MFG
Change Component Comment : Designator=DS1 Old Comment=LSHD-5601 New Comment=HDSP-H153
Change Component Comment : Designator=U5 Old Comment=SN74LS47N New Comment=CD74HCT4511E
Change Managed Component Library Link : Designator=DS1 Old VaultGUID=B7D15EC3-160A-466F-A46C-7801FE6295A7 New VaultGUID=B7D15EC3-160A-466F-A46C-7801FE6295A7 Old ItemGUID=80E4F239-D7BA-4A46-A47C-96540954C46E New ItemGUID=9C21BCAB-8DCB-4AFF-B397-7DA9B9BDA269 Old RevisionGUID=52511C08-0CEC-417A-AC2F-165A052DD661 New RevisionGUID=92B53B3B-1B2A-4E91-AD14-BAF1B643B435
Change Managed Component Library Link : Designator=U5 Old VaultGUID=B7D15EC3-160A-466F-A46C-7801FE6295A7 New VaultGUID=B7D15EC3-160A-466F-A46C-7801FE6295A7 Old ItemGUID=D79274C3-4B7F-4CD4-ADE3-CDC9781DA6E2 New ItemGUID=104C2DD1-0B5F-4365-8226-AABFDBA5F867 Old RevisionGUID=D95A5F98-C1B1-4EAA-A5B4-DE60FFC7FE82 New RevisionGUID=BBA7AEEA-A7FC-44C7-8CF9-8925FE1C92C1
Change component parameters: Designator = "DS1" ("DS1"); Footprint = "FP-LSHD-5601-MFG"; UniqueID = "\RVLOSTDH" ("\RVLOSTDH")
Change component parameters (AddParameter): Name = "Automotive"; Value = "No"; VariantName = "[No Variations]"
Change component parameters (AddParameter): Name = "Category"; Value = "Disp"; VariantName = "[No Variations]"
Change component parameters (AddParameter): Name = "ComponentLink2Description"; Value = "Datasheet"; VariantName = "[No Variations]"
Change component parameters (AddParameter): Name = "ComponentLink2URL"; Value = "https://docs.broadcom.com/docs/AV02-1107EN"; VariantName = "[No Variations]"
Change component parameters (AddParameter): Name = "Device Class L1"; Value = "Optoelectronics"; VariantName = "[No Variations]"
Change component parameters (AddParameter): Name = "Device Class L2"; Value = "Displays"; VariantName = "[No Variations]"
Change component parameters (AddParameter): Name = "Device Class L3"; Value = "LED Displays"; VariantName = "[No Variations]"
Change component parameters (AddParameter): Name = "Digikey Description"; Value = "LED 7-SEG 14.2MM CC RED RHD RHD"; VariantName = "[No Variations]"
Change component parameters (AddParameter): Name = "Display Type"; Value = "LED"; VariantName = "[No Variations]"
Change component parameters (AddParameter): Name = "Element Config"; Value = "Common Cathode"; VariantName = "[No Variations]"
Change component parameters (AddParameter): Name = "Forward Current"; Value = "100mA"; VariantName = "[No Variations]"
Change component parameters (AddParameter): Name = "Forward Voltage"; Value = "2V"; VariantName = "[No Variations]"
Change component parameters (AddParameter): Name = "Height"; Value = "8mm"; VariantName = "[No Variations]"
Change component parameters (AddParameter): Name = "Lead Free"; Value = "Yes"; VariantName = "[No Variations]"
Change component parameters (AddParameter): Name = "Luminous Intensity"; Value = "16mcd"; VariantName = "[No Variations]"
Change component parameters (AddParameter): Name = "Manufacturer"; Value = "Broadcom"; VariantName = "[No Variations]"
Change component parameters (AddParameter): Name = "Manufacturer Part Number"; Value = "HDSP-H153"; VariantName = "[No Variations]"
Change component parameters (AddParameter): Name = "Octopart"; Value = "https://octopart.com/hdsp-h153-broadcom-71129578"; VariantName = "[No Variations]"
Change component parameters (AddParameter): Name = "Package"; Value = "HDSP-H153"; VariantName = "[No Variations]"
Change component parameters (AddParameter): Name = "Power Dissipation"; Value = "96mW"; VariantName = "[No Variations]"
Change component parameters (AddParameter): Name = "Reverse Voltage"; Value = "15V"; VariantName = "[No Variations]"
Change component parameters (AddParameter): Name = "RoHS"; Value = "TRUE"; VariantName = "[No Variations]"
Change component parameters (AddParameter): Name = "Standoff Height"; Value = "1.14mm"; VariantName = "[No Variations]"
Change component parameters (AddParameter): Name = "Temperature"; Value = "-20°C to +100°C"; VariantName = "[No Variations]"
Change component parameters (AddParameter): Name = "Temperature Range High"; Value = "+100°C"; VariantName = "[No Variations]"
Change component parameters (AddParameter): Name = "Temperature Range Low"; Value = "-20°C"; VariantName = "[No Variations]"
Change component parameters (AddParameter): Name = "Test Current"; Value = "100mA"; VariantName = "[No Variations]"
Change component parameters (AddParameter): Name = "Viewing Angle"; Value = "100°"; VariantName = "[No Variations]"
Change component parameters (AddParameter): Name = "Wavelength"; Value = "637nm"; VariantName = "[No Variations]"
Change component parameters: Designator = "U5" ("U5"); Footprint = "N0016A"; UniqueID = "\WPDIYHOT" ("\WPDIYHOT")
Change component parameters (AddParameter): Name = "Code_JEDEC"; Value = "MS-001"; VariantName = "[No Variations]"
Change component parameters (AddParameter): Name = "ComponentLink1Description"; Value = "Manufacturer URL"; VariantName = "[No Variations]"
Change component parameters (AddParameter): Name = "ComponentLink1URL"; Value = "http://www.ti.com/"; VariantName = "[No Variations]"
Change component parameters (AddParameter): Name = "ComponentLink2Description"; Value = "Datasheet"; VariantName = "[No Variations]"
Change component parameters (AddParameter): Name = "ComponentLink2URL"; Value = "http://www.ti.com/general/docs/lit/getliterature.tsp?genericPartNumber=CD74HCT4511&fileType=pdf"; VariantName = "[No Variations]"
Change component parameters (AddParameter): Name = "ComponentLink3Description"; Value = "Package Specification"; VariantName = "[No Variations]"
Change component parameters (AddParameter): Name = "ComponentLink3URL"; Value = "http://www.ti.com/litv/pdf/mpdi002c"; VariantName = "[No Variations]"
Change component parameters (AddParameter): Name = "DatasheetVersion"; Value = "SCHS279D"; VariantName = "[No Variations]"
Change component parameters (AddParameter): Name = "Eco-Plan"; Value = "Pb-Free (RoHS)"; VariantName = "[No Variations]"
Change component parameters (AddParameter): Name = "Manufacturer"; Value = "Texas Instruments"; VariantName = "[No Variations]"
Change component parameters (AddParameter): Name = "Mounting Technology"; Value = "Through Hole"; VariantName = "[No Variations]"
Change component parameters (AddParameter): Name = "PackageDescription"; Value = "16-Pin Plastic In-Line, Body 19.305 x 6.35 mm, Pitch 2.54 mm"; VariantName = "[No Variations]"
Change component parameters (AddParameter): Name = "PackageReference"; Value = "N0016A"; VariantName = "[No Variations]"
Change component parameters (AddParameter): Name = "PackageVersion"; Value = "4040049/E"; VariantName = "[No Variations]"
Change component parameters (AddParameter): Name = "PartNumber"; Value = "CD74HCT4511E"; VariantName = "[No Variations]"
Change component parameters (AddParameter): Name = "Rating"; Value = "Catalog"; VariantName = "[No Variations]"
Change component parameters (AddParameter): Name = "SubFamily"; Value = "Discrete Segment LED Driver"; VariantName = "[No Variations]"
Change component parameters (AddParameter): Name = "Vin(Max)(V)"; Value = "5.5"; VariantName = "[No Variations]"
Change component parameters (AddParameter): Name = "Vin(Min)(V)"; Value = "4.5"; VariantName = "[No Variations]"
Added Pin To Net: NetName=GND Pin=DS1-3
Added Pin To Net: NetName=GND Pin=DS1-5
Added Pin To Net: NetName=GND Pin=DS1-8
Added Pin To Net: NetName=NetU1_8 Pin=U2-8
Added Pin To Net: NetName=GND Pin=U4-7
Added Pin To Net: NetName=GND Pin=U4-9
Added Pin To Net: NetName=GND Pin=U6-7
Added Pin To Net: NetName=GND Pin=U6-9
Change Net Name : Old Net Name=NetDS1_1 New Net Name=e
Change Net Name : Old Net Name=NetDS1_2 New Net Name=d
Change Net Name : Old Net Name=NetDS1_4 New Net Name=c
Change Net Name : Old Net Name=NetDS1_6 New Net Name=b
Change Net Name : Old Net Name=NetDS1_7 New Net Name=a
Change Net Name : Old Net Name=NetDS1_9 New Net Name=f
Change Net Name : Old Net Name=NetDS1_10 New Net Name=g
Change Net Name : Old Net Name=NetU1_8 New Net Name=NetU2_8
Added Rule: Name=Schematic Supply Nets
Added Rule: Name=Schematic Supply Nets_1
Added Rule: Name=Schematic Supply Nets_2
